[LOG] System::create                           : Header version = 1.10.05. Current version = 1.10.05.
[LOG] SystemI::setOutputInternal               : Setting output to 'FMOD Core Audio Output'
[LOG] Manager::init                            : maxchannels = 1024 studioflags = 00000009 flags 00000000 extradriverdata 0x0.
[LOG] SystemI::init                            : Initialize version=11005 (94661), maxchannels=1024, flags=0x00030000
[LOG] OutputCoreAudio::enumerate               : Enumerating...
[LOG] OutputCoreAudio::enumerate               : Found output driver: "Built-in Output".
[LOG] OutputCoreAudio::enumerate               : Found output driver: "Soundflower (2ch)".
[LOG] OutputCoreAudio::enumerate               : Found output driver: "Soundflower (64ch)".
[LOG] OutputCoreAudio::enumerate               : Done.
[LOG] OutputCoreAudio::init                    : Output running 2 channels at 44100Hz sample rate.
[LOG] OutputCoreAudio::init                    : Maximum hardware read size: 1024 samples, Software buffer size: 512 samples, Number of software buffers: 4.
[WRN] SystemI::init                            : Output requires a sample rate of 44100Hz, resampling will occur.
[LOG] Thread::initThread                       : Init FMOD stream thread. Priority: 2, Stack Size: 65536, Semaphore: No, Sleep Time: 10, Looping: Yes.
[LOG] SystemI::DSPCodecPoolRegister            : register codec pool for pool type 5
[LOG] Thread::initThread                       : Init FMOD mixer thread. Priority: 3, Stack Size: 49152, Semaphore: Yes, Sleep Time: 0, Looping: Yes.
[LOG] AsyncManager::init                       : manager 0x1620b1a08 isAsync 1 updatePeriod 0.02
[LOG] Thread::initThread                       : Init FMOD Studio update thread. Priority: 0, Stack Size: 65536, Semaphore: No, Sleep Time: 1, Looping: No.
[LOG] AsyncManager::init                       : done
[LOG] PlaybackSystem::init                     : 
[LOG] Thread::initThread                       : Init FMOD Studio sample load thread. Priority: 0, Stack Size: 65536, Semaphore: No, Sleep Time: 1, Looping: No.
[LOG] PlaybackSystem::init                     : done
[LOG] LiveUpdate::init                         : 
[LOG] Thread::initThread                       : Init FMOD Studio bank load thread. Priority: 0, Stack Size: 65536, Semaphore: No, Sleep Time: 1, Looping: No.
[LOG] Manager::init                            : done.
[LOG] Profile::init                            : Profiler listening on port: 9264
[LOG] Manager::readBank                        : fileversion = 100, compatVersion = 99 (oldest = 44, newest = 100)
[LOG] Manager::readBank                        : fileversion = 100, compatVersion = 99 (oldest = 44, newest = 100)
[LOG] PlaybackSystem::acquireMasterBus         : Setting master channel group format to 6
[LOG] SystemI::createSoundInternal             : Create name='', mode=0x02000202
[LOG] SystemI::createSoundInternal             : exinfo->cbsize             = 232
[LOG] SystemI::createSoundInternal             : exinfo->length             = 2349952
[LOG] SystemI::createSoundInternal             : exinfo->fileoffset         = 32512
[LOG] SystemI::createSoundInternal             : exinfo->numsubsounds       = 1
[LOG] SystemI::createSoundInternal             : exinfo->inclusionlist      = 0x70000f9c97bc
[LOG] SystemI::createSoundInternal             : exinfo->inclusionlistnum   = 1
[LOG] SystemI::createSoundInternal             : exinfo->suggestedsoundtype = 5
[LOG] SystemI::createSoundInternal             : exinfo->useropen           = 0x15013696f
[LOG] SystemI::createSoundInternal             : exinfo->userclose          = 0x150136a2b
[LOG] SystemI::createSoundInternal             : exinfo->userread           = 0x150136a5b
[LOG] SystemI::createSoundInternal             : exinfo->userseek           = 0x150136af8
[LOG] SystemI::createSoundInternal             : exinfo->fileuserdata       = 0x1594f51b8
[LOG] SystemI::createSoundInternal             : exinfo->initialseekpostype = 1
[LOG] SystemI::DSPCodecPoolRegister            : register codec pool for pool type 5
[LOG] SystemI::createSoundInternal             : Sample 0/1: name='LaserBuzz', format=2, channels=2, frequency=48000, lengthbytes=89728, lengthpcm=240000, pcmblocksize=0, loopstart=0, loopend=0, mode=0x00000000, channelmask=0x00000000, channelorder=0, peakvolume=0.374054.
[LOG] SystemI::createSoundInternal             : Create name='', mode=0x02000202
[LOG] SystemI::createSoundInternal             : exinfo->cbsize             = 232
[LOG] SystemI::createSoundInternal             : exinfo->length             = 2349952
[LOG] SystemI::createSoundInternal             : exinfo->fileoffset         = 32512
[LOG] SystemI::createSoundInternal             : exinfo->numsubsounds       = 1
[LOG] SystemI::createSoundInternal             : exinfo->inclusionlist      = 0x70000f9c97bc
[LOG] SystemI::createSoundInternal             : exinfo->inclusionlistnum   = 1
[LOG] SystemI::createSoundInternal             : exinfo->suggestedsoundtype = 5
[LOG] SystemI::createSoundInternal             : exinfo->useropen           = 0x15013696f
[LOG] SystemI::createSoundInternal             : exinfo->userclose          = 0x150136a2b
[LOG] SystemI::createSoundInternal             : exinfo->userread           = 0x150136a5b
[LOG] SystemI::createSoundInternal             : exinfo->userseek           = 0x150136af8
[LOG] SystemI::createSoundInternal             : exinfo->fileuserdata       = 0x1594f51b8
[LOG] SystemI::createSoundInternal             : exinfo->initialseekpostype = 1
[LOG] SystemI::DSPCodecPoolRegister            : register codec pool for pool type 5
[LOG] SystemI::createSoundInternal             : Sample 0/1: name='DrumFill_1', format=2, channels=2, frequency=48000, lengthbytes=25824, lengthpcm=82285, pcmblocksize=0, loopstart=0, loopend=0, mode=0x00000000, channelmask=0x00000000, channelorder=0, peakvolume=0.502563.
[LOG] SystemI::createSoundInternal             : Create name='', mode=0x02000202
[LOG] SystemI::createSoundInternal             : exinfo->cbsize             = 232
[LOG] SystemI::createSoundInternal             : exinfo->length             = 2349952
[LOG] SystemI::createSoundInternal             : exinfo->fileoffset         = 32512
[LOG] SystemI::createSoundInternal             : exinfo->numsubsounds       = 1
[LOG] SystemI::createSoundInternal             : exinfo->inclusionlist      = 0x70000f9c97bc
[LOG] SystemI::createSoundInternal             : exinfo->inclusionlistnum   = 1
[LOG] SystemI::createSoundInternal             : exinfo->suggestedsoundtype = 5
[LOG] SystemI::createSoundInternal             : exinfo->useropen           = 0x15013696f
[LOG] SystemI::createSoundInternal             : exinfo->userclose          = 0x150136a2b
[LOG] SystemI::createSoundInternal             : exinfo->userread           = 0x150136a5b
[LOG] SystemI::createSoundInternal             : exinfo->userseek           = 0x150136af8
[LOG] SystemI::createSoundInternal             : exinfo->fileuserdata       = 0x1594f51b8
[LOG] SystemI::createSoundInternal             : exinfo->initialseekpostype = 1
[LOG] SystemI::DSPCodecPoolRegister            : register codec pool for pool type 5
[LOG] SystemI::createSoundInternal             : Sample 0/1: name='CameraMotor', format=2, channels=2, frequency=48000, lengthbytes=74592, lengthpcm=240000, pcmblocksize=0, loopstart=0, loopend=0, mode=0x00000000, channelmask=0x00000000, channelorder=0, peakvolume=0.265869.
[LOG] SystemI::createSound                     : filename = /Users/John/Documents/GitHub/Weekly-Game-Jam-47-Theif/GameJam47 - Thief FMOD Session/Build/Desktop/Master Bank.bank : mode 02010082
[LOG] SystemI::createSound                     : FMOD_NONBLOCKING specified.  Putting into queue to be opened asynchronously!
[LOG] Thread::initThread                       : Init FMOD nonblocking thread (0). Priority: 1, Stack Size: 81920, Semaphore: Yes, Sleep Time: 0, Looping: Yes.
[LOG] SystemI::createSound                     : setdata soundi = 0x1670a2c28 : node = 0x16706a6a0
[LOG] SystemI::createSound                     : add node to async list : head = 0x1387915a8.  list count = 0
[LOG] AsyncThread::threadFunc                  : Starting Asynchronous operation on sound 0x1670a2c28
[LOG] SystemI::createSoundInternal             :     Create name='/Users/John/Documents/GitHub/Weekly-Game-Jam-47-Theif/GameJam47 - Thief FMOD Session/Build/Desktop/Master Bank.bank', mode=0x02010082
[LOG] SystemI::createSoundInternal             :     exinfo->cbsize             = 232
[LOG] SystemI::createSoundInternal             :     exinfo->length             = 2349952
[LOG] SystemI::createSoundInternal             :     exinfo->fileoffset         = 32512
[LOG] SystemI::createSoundInternal             :     exinfo->numsubsounds       = 1
[LOG] SystemI::createSoundInternal             :     exinfo->inclusionlist      = 0x16706a7b8
[LOG] SystemI::createSoundInternal             :     exinfo->inclusionlistnum   = 1
[LOG] SystemI::createSoundInternal             :     exinfo->suggestedsoundtype = 5
[LOG] SystemI::createSoundInternal             :     exinfo->initialseekpostype = 1
[LOG] SystemI::createSoundInternal             :     Stream 0/1: name='SlowMusic_Loop', format=2, channels=2, frequency=48000, lengthbytes=854016, lengthpcm=3949714, pcmblocksize=0, loopstart=0, loopend=0, mode=0x00000000, channelmask=0x00000000, channelorder=0, peakvolume=0.785767.
[LOG] Thread::initThread                       :     Init FMOD file thread. Priority: 1, Stack Size: 16384, Semaphore: No, Sleep Time: 10, Looping: Yes.
[LOG] AsyncThread::threadFunc                  : Finished Asynchronous operation on sound 0x1670a2c28
[LOG] SoundI::getSubSound                      : sound 0x1670a2c28.  Subsound index 0 / 1
[LOG] SystemI::createSoundInternal             : Create name='', mode=0x02000202
[LOG] SystemI::createSoundInternal             : exinfo->cbsize             = 232
[LOG] SystemI::createSoundInternal             : exinfo->length             = 2349952
[LOG] SystemI::createSoundInternal             : exinfo->fileoffset         = 32512
[LOG] SystemI::createSoundInternal             : exinfo->numsubsounds       = 1
[LOG] SystemI::createSoundInternal             : exinfo->inclusionlist      = 0x70000f9c97bc
[LOG] SystemI::createSoundInternal             : exinfo->inclusionlistnum   = 1
[LOG] SystemI::createSoundInternal             : exinfo->suggestedsoundtype = 5
[LOG] SystemI::createSoundInternal             : exinfo->useropen           = 0x15013696f
[LOG] SystemI::createSoundInternal             : exinfo->userclose          = 0x150136a2b
[LOG] SystemI::createSoundInternal             : exinfo->userread           = 0x150136a5b
[LOG] SystemI::createSoundInternal             : exinfo->userseek           = 0x150136af8
[LOG] SystemI::createSoundInternal             : exinfo->fileuserdata       = 0x155b46b68
[LOG] SystemI::createSoundInternal             : exinfo->initialseekpostype = 1
[LOG] SystemI::DSPCodecPoolRegister            : register codec pool for pool type 5
[LOG] SystemI::createSoundInternal             : Sample 0/1: name='Footsteps_03', format=2, channels=2, frequency=48000, lengthbytes=2336, lengthpcm=10402, pcmblocksize=0, loopstart=0, loopend=0, mode=0x00000000, channelmask=0x00000000, channelorder=0, peakvolume=0.771301.
[LOG] SystemI::createSoundInternal             : Create name='', mode=0x02000202
[LOG] SystemI::createSoundInternal             : exinfo->cbsize             = 232
[LOG] SystemI::createSoundInternal             : exinfo->length             = 2349952
[LOG] SystemI::createSoundInternal             : exinfo->fileoffset         = 32512
[LOG] SystemI::createSoundInternal             : exinfo->numsubsounds       = 1
[LOG] SystemI::createSoundInternal             : exinfo->inclusionlist      = 0x70000f9c97bc
[LOG] SystemI::createSoundInternal             : exinfo->inclusionlistnum   = 1
[LOG] SystemI::createSoundInternal             : exinfo->suggestedsoundtype = 5
[LOG] SystemI::createSoundInternal             : exinfo->useropen           = 0x15013696f
[LOG] SystemI::createSoundInternal             : exinfo->userclose          = 0x150136a2b
[LOG] SystemI::createSoundInternal             : exinfo->userread           = 0x150136a5b
[LOG] SystemI::createSoundInternal             : exinfo->userseek           = 0x150136af8
[LOG] SystemI::createSoundInternal             : exinfo->fileuserdata       = 0x155b46b68
[LOG] SystemI::createSoundInternal             : exinfo->initialseekpostype = 1
[LOG] SystemI::DSPCodecPoolRegister            : register codec pool for pool type 5
[LOG] SystemI::createSoundInternal             : Sample 0/1: name='LaserShot', format=2, channels=2, frequency=48000, lengthbytes=11136, lengthpcm=64891, pcmblocksize=0, loopstart=0, loopend=0, mode=0x00000000, channelmask=0x00000000, channelorder=0, peakvolume=0.343109.
[LOG] SystemI::createSoundInternal             : Create name='', mode=0x02000202
[LOG] SystemI::createSoundInternal             : exinfo->cbsize             = 232
[LOG] SystemI::createSoundInternal             : exinfo->length             = 2349952
[LOG] SystemI::createSoundInternal             : exinfo->fileoffset         = 32512
[LOG] SystemI::createSoundInternal             : exinfo->numsubsounds       = 1
[LOG] SystemI::createSoundInternal             : exinfo->inclusionlist      = 0x70000f9c97bc
[LOG] SystemI::createSoundInternal             : exinfo->inclusionlistnum   = 1
[LOG] SystemI::createSoundInternal             : exinfo->suggestedsoundtype = 5
[LOG] SystemI::createSoundInternal             : exinfo->useropen           = 0x15013696f
[LOG] SystemI::createSoundInternal             : exinfo->userclose          = 0x150136a2b
[LOG] SystemI::createSoundInternal             : exinfo->userread           = 0x150136a5b
[LOG] SystemI::createSoundInternal             : exinfo->userseek           = 0x150136af8
[LOG] SystemI::createSoundInternal             : exinfo->fileuserdata       = 0x155b46b68
[LOG] SystemI::createSoundInternal             : exinfo->initialseekpostype = 1
[LOG] SystemI::DSPCodecPoolRegister            : register codec pool for pool type 5
[LOG] SystemI::createSoundInternal             : Sample 0/1: name='Footsteps_02', format=2, channels=2, frequency=48000, lengthbytes=2304, lengthpcm=9779, pcmblocksize=0, loopstart=0, loopend=0, mode=0x00000000, channelmask=0x00000000, channelorder=0, peakvolume=0.690155.
[LOG] SystemI::createSoundInternal             : Create name='', mode=0x02000202
[LOG] SystemI::createSoundInternal             : exinfo->cbsize             = 232
[LOG] SystemI::createSoundInternal             : exinfo->length             = 2349952
[LOG] SystemI::createSoundInternal             : exinfo->fileoffset         = 32512
[LOG] SystemI::createSoundInternal             : exinfo->numsubsounds       = 1
[LOG] SystemI::createSoundInternal             : exinfo->inclusionlist      = 0x70000f9c97bc
[LOG] SystemI::createSoundInternal             : exinfo->inclusionlistnum   = 1
[LOG] SystemI::createSoundInternal             : exinfo->suggestedsoundtype = 5
[LOG] SystemI::createSoundInternal             : exinfo->useropen           = 0x15013696f
[LOG] SystemI::createSoundInternal             : exinfo->userclose          = 0x150136a2b
[LOG] SystemI::createSoundInternal             : exinfo->userread           = 0x150136a5b
[LOG] SystemI::createSoundInternal             : exinfo->userseek           = 0x150136af8
[LOG] SystemI::createSoundInternal             : exinfo->fileuserdata       = 0x155b46b68
[LOG] SystemI::createSoundInternal             : exinfo->initialseekpostype = 1
[LOG] SystemI::DSPCodecPoolRegister            : register codec pool for pool type 5
[LOG] SystemI::createSoundInternal             : Sample 0/1: name='Footsteps_05', format=2, channels=2, frequency=48000, lengthbytes=1920, lengthpcm=7584, pcmblocksize=0, loopstart=0, loopend=0, mode=0x00000000, channelmask=0x00000000, channelorder=0, peakvolume=0.733826.
[LOG] SystemI::createSoundInternal             : Create name='', mode=0x02000202
[LOG] SystemI::createSoundInternal             : exinfo->cbsize             = 232
[LOG] SystemI::createSoundInternal             : exinfo->length             = 2349952
[LOG] SystemI::createSoundInternal             : exinfo->fileoffset         = 32512
[LOG] SystemI::createSoundInternal             : exinfo->numsubsounds       = 1
[LOG] SystemI::createSoundInternal             : exinfo->inclusionlist      = 0x70000f9c97bc
[LOG] SystemI::createSoundInternal             : exinfo->inclusionlistnum   = 1
[LOG] SystemI::createSoundInternal             : exinfo->suggestedsoundtype = 5
[LOG] SystemI::createSoundInternal             : exinfo->useropen           = 0x15013696f
[LOG] SystemI::createSoundInternal             : exinfo->userclose          = 0x150136a2b
[LOG] SystemI::createSoundInternal             : exinfo->userread           = 0x150136a5b
[LOG] SystemI::createSoundInternal             : exinfo->userseek           = 0x150136af8
[LOG] SystemI::createSoundInternal             : exinfo->fileuserdata       = 0x155b46b68
[LOG] SystemI::createSoundInternal             : exinfo->initialseekpostype = 1
[LOG] SystemI::DSPCodecPoolRegister            : register codec pool for pool type 5
[LOG] SystemI::createSoundInternal             : Sample 0/1: name='Footsteps_04', format=2, channels=2, frequency=48000, lengthbytes=2464, lengthpcm=10360, pcmblocksize=0, loopstart=0, loopend=0, mode=0x00000000, channelmask=0x00000000, channelorder=0, peakvolume=0.756226.
[LOG] SystemI::createSoundInternal             : Create name='', mode=0x02000202
[LOG] SystemI::createSoundInternal             : exinfo->cbsize             = 232
[LOG] SystemI::createSoundInternal             : exinfo->length             = 2349952
[LOG] SystemI::createSoundInternal             : exinfo->fileoffset         = 32512
[LOG] SystemI::createSoundInternal             : exinfo->numsubsounds       = 1
[LOG] SystemI::createSoundInternal             : exinfo->inclusionlist      = 0x70000f9c97bc
[LOG] SystemI::createSoundInternal             : exinfo->inclusionlistnum   = 1
[LOG] SystemI::createSoundInternal             : exinfo->suggestedsoundtype = 5
[LOG] SystemI::createSoundInternal             : exinfo->useropen           = 0x15013696f
[LOG] SystemI::createSoundInternal             : exinfo->userclose          = 0x150136a2b
[LOG] SystemI::createSoundInternal             : exinfo->userread           = 0x150136a5b
[LOG] SystemI::createSoundInternal             : exinfo->userseek           = 0x150136af8
[LOG] SystemI::createSoundInternal             : exinfo->fileuserdata       = 0x155b46b68
[LOG] SystemI::createSoundInternal             : exinfo->initialseekpostype = 1
[LOG] SystemI::DSPCodecPoolRegister            : register codec pool for pool type 5
[LOG] SystemI::createSoundInternal             : Sample 0/1: name='Footsteps_01', format=2, channels=2, frequency=48000, lengthbytes=2432, lengthpcm=10585, pcmblocksize=0, loopstart=0, loopend=0, mode=0x00000000, channelmask=0x00000000, channelorder=0, peakvolume=0.708679.
[LOG] AsyncThread::threadFunc                  : Starting Asynchronous operation on sound 0x159436c28
[LOG] AsyncThread::threadFunc                  : Finished Asynchronous operation on sound 0x159436c28
[LOG] SystemI::createSoundInternal             : Create name='', mode=0x02000202
[LOG] SystemI::createSoundInternal             : exinfo->cbsize             = 232
[LOG] SystemI::createSoundInternal             : exinfo->length             = 2349952
[LOG] SystemI::createSoundInternal             : exinfo->fileoffset         = 32512
[LOG] SystemI::createSoundInternal             : exinfo->numsubsounds       = 1
[LOG] SystemI::createSoundInternal             : exinfo->inclusionlist      = 0x70000f9c97bc
[LOG] SystemI::createSoundInternal             : exinfo->inclusionlistnum   = 1
[LOG] SystemI::createSoundInternal             : exinfo->suggestedsoundtype = 5
[LOG] SystemI::createSoundInternal             : exinfo->useropen           = 0x15013696f
[LOG] SystemI::createSoundInternal             : exinfo->userclose          = 0x150136a2b
[LOG] SystemI::createSoundInternal             : exinfo->userread           = 0x150136a5b
[LOG] SystemI::createSoundInternal             : exinfo->userseek           = 0x150136af8
[LOG] SystemI::createSoundInternal             : exinfo->fileuserdata       = 0x1375c92a8
[LOG] SystemI::createSoundInternal             : exinfo->initialseekpostype = 1
[LOG] SystemI::DSPCodecPoolRegister            : register codec pool for pool type 5
[LOG] SystemI::createSoundInternal             : Sample 0/1: name='CameraMotor_Stop', format=2, channels=2, frequency=48000, lengthbytes=24000, lengthpcm=87267, pcmblocksize=0, loopstart=0, loopend=0, mode=0x00000000, channelmask=0x00000000, channelorder=0, peakvolume=0.785645.
[LOG] SystemI::createSoundInternal             : Create name='', mode=0x02000202
[LOG] SystemI::createSoundInternal             : exinfo->cbsize             = 232
[LOG] SystemI::createSoundInternal             : exinfo->length             = 2349952
[LOG] SystemI::createSoundInternal             : exinfo->fileoffset         = 32512
[LOG] SystemI::createSoundInternal             : exinfo->numsubsounds       = 1
[LOG] SystemI::createSoundInternal             : exinfo->inclusionlist      = 0x70000f9c97bc
[LOG] SystemI::createSoundInternal             : exinfo->inclusionlistnum   = 1
[LOG] SystemI::createSoundInternal             : exinfo->suggestedsoundtype = 5
[LOG] SystemI::createSoundInternal             : exinfo->useropen           = 0x15013696f
[LOG] SystemI::createSoundInternal             : exinfo->userclose          = 0x150136a2b
[LOG] SystemI::createSoundInternal             : exinfo->userread           = 0x150136a5b
[LOG] SystemI::createSoundInternal             : exinfo->userseek           = 0x150136af8
[LOG] SystemI::createSoundInternal             : exinfo->fileuserdata       = 0x1375c92a8
[LOG] SystemI::createSoundInternal             : exinfo->initialseekpostype = 1
[LOG] SystemI::DSPCodecPoolRegister            : register codec pool for pool type 5
[LOG] SystemI::createSoundInternal             : Sample 0/1: name='CameraMotor_Stop2', format=2, channels=2, frequency=48000, lengthbytes=20384, lengthpcm=72524, pcmblocksize=0, loopstart=0, loopend=0, mode=0x00000000, channelmask=0x00000000, channelorder=0, peakvolume=0.205994.
[LOG] SystemI::createSoundInternal             : Create name='', mode=0x02000202
[LOG] SystemI::createSoundInternal             : exinfo->cbsize             = 232
[LOG] SystemI::createSoundInternal             : exinfo->length             = 2349952
[LOG] SystemI::createSoundInternal             : exinfo->fileoffset         = 32512
[LOG] SystemI::createSoundInternal             : exinfo->numsubsounds       = 1
[LOG] SystemI::createSoundInternal             : exinfo->inclusionlist      = 0x70000f9c97bc
[LOG] SystemI::createSoundInternal             : exinfo->inclusionlistnum   = 1
[LOG] SystemI::createSoundInternal             : exinfo->suggestedsoundtype = 5
[LOG] SystemI::createSoundInternal             : exinfo->useropen           = 0x15013696f
[LOG] SystemI::createSoundInternal             : exinfo->userclose          = 0x150136a2b
[LOG] SystemI::createSoundInternal             : exinfo->userread           = 0x150136a5b
[LOG] SystemI::createSoundInternal             : exinfo->userseek           = 0x150136af8
[LOG] SystemI::createSoundInternal             : exinfo->fileuserdata       = 0x13b09fbe8
[LOG] SystemI::createSoundInternal             : exinfo->initialseekpostype = 1
[LOG] SystemI::DSPCodecPoolRegister            : register codec pool for pool type 5
[LOG] SystemI::createSoundInternal             : Sample 0/1: name='JumpSound_02', format=2, channels=1, frequency=48000, lengthbytes=4608, lengthpcm=29708, pcmblocksize=0, loopstart=0, loopend=0, mode=0x00000000, channelmask=0x00000000, channelorder=0, peakvolume=0.147705.
[LOG] SystemI::createSoundInternal             : Create name='', mode=0x02000202
[LOG] SystemI::createSoundInternal             : exinfo->cbsize             = 232
[LOG] SystemI::createSoundInternal             : exinfo->length             = 2349952
[LOG] SystemI::createSoundInternal             : exinfo->fileoffset         = 32512
[LOG] SystemI::createSoundInternal             : exinfo->numsubsounds       = 1
[LOG] SystemI::createSoundInternal             : exinfo->inclusionlist      = 0x70000f9c97bc
[LOG] SystemI::createSoundInternal             : exinfo->inclusionlistnum   = 1
[LOG] SystemI::createSoundInternal             : exinfo->suggestedsoundtype = 5
[LOG] SystemI::createSoundInternal             : exinfo->useropen           = 0x15013696f
[LOG] SystemI::createSoundInternal             : exinfo->userclose          = 0x150136a2b
[LOG] SystemI::createSoundInternal             : exinfo->userread           = 0x150136a5b
[LOG] SystemI::createSoundInternal             : exinfo->userseek           = 0x150136af8
[LOG] SystemI::createSoundInternal             : exinfo->fileuserdata       = 0x13b09fbe8
[LOG] SystemI::createSoundInternal             : exinfo->initialseekpostype = 1
[LOG] SystemI::DSPCodecPoolRegister            : register codec pool for pool type 5
[LOG] SystemI::createSoundInternal             : Sample 0/1: name='JumpSound_01', format=2, channels=1, frequency=48000, lengthbytes=4192, lengthpcm=26144, pcmblocksize=0, loopstart=0, loopend=0, mode=0x00000000, channelmask=0x00000000, channelorder=0, peakvolume=0.312714.
[LOG] SystemI::createSoundInternal             : Create name='', mode=0x02000202
[LOG] SystemI::createSoundInternal             : exinfo->cbsize             = 232
[LOG] SystemI::createSoundInternal             : exinfo->length             = 2349952
[LOG] SystemI::createSoundInternal             : exinfo->fileoffset         = 32512
[LOG] SystemI::createSoundInternal             : exinfo->numsubsounds       = 1
[LOG] SystemI::createSoundInternal             : exinfo->inclusionlist      = 0x70000f9c97bc
[LOG] SystemI::createSoundInternal             : exinfo->inclusionlistnum   = 1
[LOG] SystemI::createSoundInternal             : exinfo->suggestedsoundtype = 5
[LOG] SystemI::createSoundInternal             : exinfo->useropen           = 0x15013696f
[LOG] SystemI::createSoundInternal             : exinfo->userclose          = 0x150136a2b
[LOG] SystemI::createSoundInternal             : exinfo->userread           = 0x150136a5b
[LOG] SystemI::createSoundInternal             : exinfo->userseek           = 0x150136af8
[LOG] SystemI::createSoundInternal             : exinfo->fileuserdata       = 0x13b09fbe8
[LOG] SystemI::createSoundInternal             : exinfo->initialseekpostype = 1
[LOG] SystemI::DSPCodecPoolRegister            : register codec pool for pool type 5
[LOG] SystemI::createSoundInternal             : Sample 0/1: name='JumpSound_04', format=2, channels=1, frequency=48000, lengthbytes=4384, lengthpcm=27722, pcmblocksize=0, loopstart=0, loopend=0, mode=0x00000000, channelmask=0x00000000, channelorder=0, peakvolume=0.177765.
[LOG] SystemI::createSoundInternal             : Create name='', mode=0x02000202
[LOG] SystemI::createSoundInternal             : exinfo->cbsize             = 232
[LOG] SystemI::createSoundInternal             : exinfo->length             = 2349952
[LOG] SystemI::createSoundInternal             : exinfo->fileoffset         = 32512
[LOG] SystemI::createSoundInternal             : exinfo->numsubsounds       = 1
[LOG] SystemI::createSoundInternal             : exinfo->inclusionlist      = 0x70000f9c97bc
[LOG] SystemI::createSoundInternal             : exinfo->inclusionlistnum   = 1
[LOG] SystemI::createSoundInternal             : exinfo->suggestedsoundtype = 5
[LOG] SystemI::createSoundInternal             : exinfo->useropen           = 0x15013696f
[LOG] SystemI::createSoundInternal             : exinfo->userclose          = 0x150136a2b
[LOG] SystemI::createSoundInternal             : exinfo->userread           = 0x150136a5b
[LOG] SystemI::createSoundInternal             : exinfo->userseek           = 0x150136af8
[LOG] SystemI::createSoundInternal             : exinfo->fileuserdata       = 0x13b496818
[LOG] SystemI::createSoundInternal             : exinfo->initialseekpostype = 1
[LOG] SystemI::DSPCodecPoolRegister            : register codec pool for pool type 5
[LOG] SystemI::createSoundInternal             : Sample 0/1: name='CaughtSound', format=2, channels=2, frequency=48000, lengthbytes=49984, lengthpcm=190589, pcmblocksize=0, loopstart=0, loopend=0, mode=0x00000000, channelmask=0x00000000, channelorder=0, peakvolume=0.537201.
[LOG] SystemI::createSound                     : filename = /Users/John/Documents/GitHub/Weekly-Game-Jam-47-Theif/GameJam47 - Thief FMOD Session/Build/Desktop/Master Bank.bank : mode 02010082
[LOG] SystemI::createSound                     : FMOD_NONBLOCKING specified.  Putting into queue to be opened asynchronously!
[LOG] SystemI::createSound                     : setdata soundi = 0x123d88a38 : node = 0x13b75a010
[LOG] SystemI::createSound                     : add node to async list : head = 0x1387915a8.  list count = 0
[LOG] AsyncThread::threadFunc                  : Starting Asynchronous operation on sound 0x123d88a38
[LOG] SystemI::createSoundInternal             :     Create name='/Users/John/Documents/GitHub/Weekly-Game-Jam-47-Theif/GameJam47 - Thief FMOD Session/Build/Desktop/Master Bank.bank', mode=0x02010082
[LOG] SystemI::createSoundInternal             :     exinfo->cbsize             = 232
[LOG] SystemI::createSoundInternal             :     exinfo->length             = 2349952
[LOG] SystemI::createSoundInternal             :     exinfo->fileoffset         = 32512
[LOG] SystemI::createSoundInternal             :     exinfo->numsubsounds       = 1
[LOG] SystemI::createSoundInternal             :     exinfo->inclusionlist      = 0x13b75a128
[LOG] SystemI::createSoundInternal             :     exinfo->inclusionlistnum   = 1
[LOG] SystemI::createSoundInternal             :     exinfo->suggestedsoundtype = 5
[LOG] SystemI::createSoundInternal             :     exinfo->initialseekpostype = 1
[LOG] SystemI::createSoundInternal             :     Stream 0/1: name='FastMusic_Loop', format=2, channels=2, frequency=48000, lengthbytes=1151008, lengthpcm=3949714, pcmblocksize=0, loopstart=0, loopend=0, mode=0x00000000, channelmask=0x00000000, channelorder=0, peakvolume=0.950623.
[LOG] AsyncThread::threadFunc                  : Finished Asynchronous operation on sound 0x123d88a38
[LOG] SoundI::getSubSound                      : sound 0x123d88a38.  Subsound index 0 / 1
[LOG] SystemI::createSoundInternal             : Create name='', mode=0x02000202
[LOG] SystemI::createSoundInternal             : exinfo->cbsize             = 232
[LOG] SystemI::createSoundInternal             : exinfo->length             = 2349952
[LOG] SystemI::createSoundInternal             : exinfo->fileoffset         = 32512
[LOG] SystemI::createSoundInternal             : exinfo->numsubsounds       = 1
[LOG] SystemI::createSoundInternal             : exinfo->inclusionlist      = 0x70000f9c97bc
[LOG] SystemI::createSoundInternal             : exinfo->inclusionlistnum   = 1
[LOG] SystemI::createSoundInternal             : exinfo->suggestedsoundtype = 5
[LOG] SystemI::createSoundInternal             : exinfo->useropen           = 0x15013696f
[LOG] SystemI::createSoundInternal             : exinfo->userclose          = 0x150136a2b
[LOG] SystemI::createSoundInternal             : exinfo->userread           = 0x150136a5b
[LOG] SystemI::createSoundInternal             : exinfo->userseek           = 0x150136af8
[LOG] SystemI::createSoundInternal             : exinfo->fileuserdata       = 0x13b09fbe8
[LOG] SystemI::createSoundInternal             : exinfo->initialseekpostype = 1
[LOG] SystemI::DSPCodecPoolRegister            : register codec pool for pool type 5
[LOG] SystemI::createSoundInternal             : Sample 0/1: name='DeathSound', format=2, channels=2, frequency=48000, lengthbytes=22304, lengthpcm=80962, pcmblocksize=0, loopstart=0, loopend=0, mode=0x00000000, channelmask=0x00000000, channelorder=0, peakvolume=0.999969.
[LOG] SoundI::release                          :  (0x13b497df8)
[LOG] SoundI::release                          :     CaughtSound (0x13b4f2fb8)
[LOG] SoundI::release                          :  (0x123d6d5f8)
[LOG] SoundI::release                          :     JumpSound_01 (0x132ba62d8)
[LOG] SoundI::release                          :  (0x15a71f9d8)
[LOG] SoundI::release                          :     JumpSound_02 (0x13b715fd8)
[LOG] SoundI::release                          : FastMusic_Loop (0x123d88a38)
[LOG] SoundI::release                          :     FastMusic_Loop (0x1530fbbe8)
[LOG] SoundI::release                          :     FastMusic_Loop (0x13b4693a8)
[LOG] SoundI::release                          : SlowMusic_Loop (0x1670a2c28)
[LOG] SoundI::release                          :     SlowMusic_Loop (0x159439198)
[LOG] SoundI::release                          :     SlowMusic_Loop (0x159436c28)
[LOG] SoundI::release                          :  (0x13b794e78)
[LOG] SoundI::release                          :     JumpSound_04 (0x154d4d718)
[LOG] SoundI::release                          :  (0x155b60548)
[LOG] SoundI::release                          :     Footsteps_01 (0x155b5d668)
[LOG] SoundI::release                          :  (0x155bda728)
[LOG] SoundI::release                          :     Footsteps_02 (0x155b86dc8)
[LOG] SoundI::release                          :  (0x155bea3a8)
[LOG] SoundI::release                          :     Footsteps_03 (0x155bf9be8)
[LOG] SoundI::release                          :  (0x155b7dc38)
[LOG] SoundI::release                          :     Footsteps_04 (0x155b65558)
[LOG] SoundI::release                          :  (0x155b7ddb8)
[LOG] SoundI::release                          :     Footsteps_05 (0x155b7d4c8)
[LOG] SoundI::release                          :  (0x15a70c158)
[LOG] SoundI::release                          :     DeathSound (0x13788df38)
[LOG] SoundI::release                          :  (0x155b57838)
[LOG] SoundI::release                          :     CameraMotor_Stop (0x13753ceb8)
[LOG] SoundI::release                          :  (0x1375ee0c8)
[LOG] SoundI::release                          :     CameraMotor_Stop2 (0x155b8e508)
[LOG] SoundI::release                          :  (0x155bdf5c8)
[LOG] SoundI::release                          :     LaserShot (0x155bddbf8)
[LOG] SoundI::release                          :  (0x159493348)
[LOG] SoundI::release                          :     CameraMotor (0x1594610b8)
[LOG] SoundI::release                          :  (0x1594eb5e8)
[LOG] SoundI::release                          :     LaserBuzz (0x1594c80f8)
[LOG] SoundI::release                          :  (0x1594af848)
[LOG] SoundI::release                          :     DrumFill_1 (0x1594adf68)
[LOG] Thread::callback                         : FMOD Studio update thread finished.
[LOG] Thread::callback                         : FMOD Studio bank load thread finished.
[LOG] Profile::disconnectAll                   : Profiler disconnecting all clients
[LOG] Thread::callback                         : FMOD Studio sample load thread finished.
[LOG] LiveUpdate::release                      : 
[LOG] LiveUpdate::reset                        : Reset connection (reason Disconnected)
[LOG] Thread::callback                         : FMOD stream thread finished.
[LOG] Thread::callback                         : FMOD mixer thread finished.
[LOG] Profile::disconnectAll                   : Profiler disconnecting all clients
[LOG] Thread::callback                         : FMOD nonblocking thread (0) finished.
[LOG] Thread::callback                         : FMOD file thread finished.
[LOG] SystemI::close                           : Closed.
